<?xml version='1.0' encoding='UTF-8' ?>
<testsuite name="com.example.gitproject.UpdateActivityTest" tests="1" failures="0" errors="0" skipped="0" time="18.251" timestamp="2023-06-30T07:09:24" hostname="localhost">
  <properties>
    <property name="device" value="Pixel_5_Edited_API_28(AVD) - 9" />
    <property name="flavor" value="" />
    <property name="project" value=":app" />
  </properties>
  <testcase name="testdeletemeasurement" classname="com.example.gitproject.UpdateActivityTest" time="17.861" />
</testsuite>